<?xml version="1.0" encoding="UTF-8"?>
<!-- Generated by org.testng.reporters.JUnitReportReporter -->
<testsuite hostname="DESKTOP-1I7HGI1" failures="0" tests="1" name="package_Test.OneTime_Wallet_payment" time="13.870" errors="0" timestamp="2024-02-03T18:26:33 IST" skipped="0">
  <testcase classname="package_Test.OneTime_Wallet_payment" name="walletTest" time="13.870"/>
</testsuite> <!-- package_Test.OneTime_Wallet_payment -->
