<?xml version="1.0" encoding="UTF-8"?>
<!-- Generated by org.testng.reporters.JUnitReportReporter -->
<testsuite hostname="DESKTOP-1I7HGI1" failures="0" tests="1" name="package_Test.OneTime_Card_payment" time="14.682" errors="0" timestamp="2024-02-03T18:27:48 IST" skipped="0">
  <testcase classname="package_Test.OneTime_Card_payment" name="cardTest" time="14.682"/>
</testsuite> <!-- package_Test.OneTime_Card_payment -->
