<?xml version="1.0" encoding="UTF-8"?>
<!-- Generated by org.testng.reporters.JUnitReportReporter -->
<testsuite hostname="DESKTOP-1I7HGI1" failures="0" tests="1" name="package_Test.GEM_UPI_payment" time="13.872" errors="0" timestamp="2024-02-03T18:30:24 IST" skipped="0">
  <testcase classname="package_Test.GEM_UPI_payment" name="UPIPayment" time="13.872"/>
</testsuite> <!-- package_Test.GEM_UPI_payment -->
